<?xml version="1.0" encoding="UTF-8"?>
<testsuite name="org.example.BeanFactoryTest" tests="1" skipped="0" failures="0" errors="0" timestamp="2023-01-29T15:52:06" hostname="DESKTOP-NA583NG" time="0.118">
  <properties/>
  <testcase name="diTest()" classname="org.example.BeanFactoryTest" time="0.118"/>
  <system-out><![CDATA[]]></system-out>
  <system-err><![CDATA[SLF4J: Failed to load class "org.slf4j.impl.StaticLoggerBinder".
SLF4J: Defaulting to no-operation (NOP) logger implementation
SLF4J: See http://www.slf4j.org/codes.html#StaticLoggerBinder for further details.
]]></system-err>
</testsuite>
